2018-10-30 20:41:23.5430 [DEBUG] Validating model...
2018-10-30 20:41:23.7759 [DEBUG] Model updated
2018-10-30 20:41:23.7769 [DEBUG] Authenticating with server...
2018-10-30 20:41:24.3675 [DEBUG] Connected to room. (84450:SceneFusion:SceneFusion)
2018-10-30 20:41:24.3705 [INFO] Connected to server.
2018-10-30 20:41:24.3715 [DEBUG] OS : Microsoft Windows NT 10.0.17134.0
2018-10-30 20:41:24.3715 [DEBUG] Unity Version : 2018.2.14f1
2018-10-30 20:41:24.3715 [DEBUG] Pro License : False
2018-10-30 20:41:24.3715 [DEBUG] Platform : WindowsEditor
2018-10-30 20:41:24.3725 [DEBUG] Build Target : StandaloneWindows64
2018-10-30 20:41:24.3725 [DEBUG] Scene Fusion version : 1.8.1
2018-10-30 20:41:24.3725 [DEBUG] Scene Fusion client build : 4
2018-10-30 20:41:24.3725 [DEBUG] User : ricardet28@gmail.com
2018-10-30 20:41:24.3725 [DEBUG] Waiting for server response
2018-10-30 20:41:24.5014 [DEBUG] Tier: Scene Fusion Free, Permissions: 00001400
2018-10-30 20:41:24.5014 [DEBUG] User Permissions: FFFFFFFF
2018-10-30 20:41:24.8092 [DEBUG] No stand-in for UnityEngine.ProceduralMaterial
2018-10-30 20:41:24.8092 [DEBUG] No stand-in for UnityEngine.ProceduralTexture
2018-10-30 20:41:25.1670 [DEBUG] Uploading scene 'Level1Final'
2018-10-30 20:41:25.2929 [DEBUG] Encoding objects for _Scenes/Levels/Level1Final.unity
2018-10-30 20:41:26.9873 [DEBUG] Compressing scene data
2018-10-30 20:41:29.5220 [DEBUG] Spawn request. (Objects: 1640)
2018-10-30 20:41:29.5270 [DEBUG] Entity RPC. (Id: 1, Size: 23043, Reporting Threshold: 10000)
2018-10-30 20:41:30.6227 [DEBUG] Loading complete
