2018-10-30 20:22:03.9803 [DEBUG] Validating model...
2018-10-30 20:22:04.4099 [DEBUG] Model updated
2018-10-30 20:22:04.4104 [DEBUG] Authenticating with server...
2018-10-30 20:22:05.0601 [DEBUG] Connected to room. (84445:SceneFusion:SceneFusion)
2018-10-30 20:22:05.0710 [INFO] Connected to server.
2018-10-30 20:22:05.0713 [DEBUG] OS : Unix 18.0.0.0
2018-10-30 20:22:05.0714 [DEBUG] Unity Version : 2018.2.14f1
2018-10-30 20:22:05.0716 [DEBUG] Pro License : False
2018-10-30 20:22:05.0717 [DEBUG] Platform : OSXEditor
2018-10-30 20:22:05.0718 [DEBUG] Build Target : StandaloneOSXUniversal
2018-10-30 20:22:05.0718 [DEBUG] Scene Fusion version : 1.8.1
2018-10-30 20:22:05.0719 [DEBUG] Scene Fusion client build : 4
2018-10-30 20:22:05.0720 [DEBUG] User : ricardet28@gmail.com
2018-10-30 20:22:05.0721 [DEBUG] Waiting for server response
2018-10-30 20:22:06.2240 [DEBUG] Tier: Scene Fusion Free, Permissions: 00001400
2018-10-30 20:22:06.2241 [DEBUG] User Permissions: FFFFFFFF
2018-10-30 20:22:06.4640 [DEBUG] No stand-in for UnityEngine.ProceduralMaterial
2018-10-30 20:22:06.4641 [DEBUG] No stand-in for UnityEngine.ProceduralTexture
2018-10-30 20:22:10.6821 [DEBUG] Loading complete
2018-10-30 20:22:55.0132 [DEBUG] Disconnecting from room (84445:SceneFusion:SceneFusion)
2018-10-30 20:22:57.1740 [INFO] Disconnected from server.
2018-10-30 20:22:57.1742 [DEBUG] Disconnect. (Duration: 49)
