2018-10-30 20:16:31.5233 [DEBUG] Validating model...
2018-10-30 20:16:31.8322 [DEBUG] Model updated
2018-10-30 20:16:31.8327 [DEBUG] Authenticating with server...
2018-10-30 20:16:32.1403 [DEBUG] Connected to room. (84444:SceneFusion:SceneFusion)
2018-10-30 20:16:32.1489 [INFO] Connected to server.
2018-10-30 20:16:32.1492 [DEBUG] OS : Unix 18.0.0.0
2018-10-30 20:16:32.1493 [DEBUG] Unity Version : 2018.2.14f1
2018-10-30 20:16:32.1494 [DEBUG] Pro License : False
2018-10-30 20:16:32.1495 [DEBUG] Platform : OSXEditor
2018-10-30 20:16:32.1496 [DEBUG] Build Target : StandaloneOSXUniversal
2018-10-30 20:16:32.1497 [DEBUG] Scene Fusion version : 1.8.1
2018-10-30 20:16:32.1497 [DEBUG] Scene Fusion client build : 4
2018-10-30 20:16:32.1498 [DEBUG] User : ricardet28@gmail.com
2018-10-30 20:16:32.1499 [DEBUG] Waiting for server response
2018-10-30 20:16:33.5905 [DEBUG] Tier: Scene Fusion Free, Permissions: 00001400
2018-10-30 20:16:33.5907 [DEBUG] User Permissions: FFFFFFFF
2018-10-30 20:16:34.1466 [DEBUG] No stand-in for UnityEngine.ProceduralMaterial
2018-10-30 20:16:34.1467 [DEBUG] No stand-in for UnityEngine.ProceduralTexture
2018-10-30 20:16:39.7372 [DEBUG] Loading complete
2018-10-30 20:16:46.9758 [DEBUG] Disconnecting from room (84444:SceneFusion:SceneFusion)
2018-10-30 20:16:49.7638 [INFO] Disconnected from server.
2018-10-30 20:16:49.7643 [DEBUG] Disconnect. (Duration: 14)
